C:\USERS\MUTANTSUPERNICK\DESKTOP\SCHOOL\YEAR2\DATASTRUCTURES\SUDOKU\DEBUG\SUDOKU.EXE
C:\USERS\MUTANTSUPERNICK\DESKTOP\SCHOOL\YEAR2\DATASTRUCTURES\SUDOKU\DEBUG\SUDOKU.ILK
C:\USERS\MUTANTSUPERNICK\DESKTOP\SCHOOL\YEAR2\DATASTRUCTURES\SUDOKU\DEBUG\SUDOKU.PDB
C:\Users\MutantSuperNick\Desktop\SCHOOL\Year2\DataStructures\Sudoku\Sudoku\Debug\cl.command.1.tlog
C:\Users\MutantSuperNick\Desktop\SCHOOL\Year2\DataStructures\Sudoku\Sudoku\Debug\CL.read.1.tlog
C:\Users\MutantSuperNick\Desktop\SCHOOL\Year2\DataStructures\Sudoku\Sudoku\Debug\CL.write.1.tlog
C:\Users\MutantSuperNick\Desktop\SCHOOL\Year2\DataStructures\Sudoku\Sudoku\Debug\link.14648.read.1.tlog
C:\Users\MutantSuperNick\Desktop\SCHOOL\Year2\DataStructures\Sudoku\Sudoku\Debug\link.14648.write.1.tlog
C:\Users\MutantSuperNick\Desktop\SCHOOL\Year2\DataStructures\Sudoku\Sudoku\Debug\link.14648-cvtres.read.1.tlog
C:\Users\MutantSuperNick\Desktop\SCHOOL\Year2\DataStructures\Sudoku\Sudoku\Debug\link.14648-cvtres.write.1.tlog
C:\Users\MutantSuperNick\Desktop\SCHOOL\Year2\DataStructures\Sudoku\Sudoku\Debug\link.command.1.tlog
C:\Users\MutantSuperNick\Desktop\SCHOOL\Year2\DataStructures\Sudoku\Sudoku\Debug\link.read.1.tlog
C:\Users\MutantSuperNick\Desktop\SCHOOL\Year2\DataStructures\Sudoku\Sudoku\Debug\link.write.1.tlog
C:\Users\MutantSuperNick\Desktop\SCHOOL\Year2\DataStructures\Sudoku\Sudoku\Debug\link-cvtres.read.1.tlog
C:\Users\MutantSuperNick\Desktop\SCHOOL\Year2\DataStructures\Sudoku\Sudoku\Debug\link-cvtres.write.1.tlog
C:\USERS\MUTANTSUPERNICK\DESKTOP\SCHOOL\YEAR2\DATASTRUCTURES\SUDOKU\SUDOKU\DEBUG\MAIN.OBJ
C:\Users\MutantSuperNick\Desktop\SCHOOL\Year2\DataStructures\Sudoku\Sudoku\Debug\mt.command.1.tlog
C:\Users\MutantSuperNick\Desktop\SCHOOL\Year2\DataStructures\Sudoku\Sudoku\Debug\mt.read.1.tlog
C:\Users\MutantSuperNick\Desktop\SCHOOL\Year2\DataStructures\Sudoku\Sudoku\Debug\mt.write.1.tlog
C:\USERS\MUTANTSUPERNICK\DESKTOP\SCHOOL\YEAR2\DATASTRUCTURES\SUDOKU\SUDOKU\DEBUG\PLACEMENT.OBJ
C:\Users\MutantSuperNick\Desktop\SCHOOL\Year2\DataStructures\Sudoku\Sudoku\Debug\rc.command.1.tlog
C:\Users\MutantSuperNick\Desktop\SCHOOL\Year2\DataStructures\Sudoku\Sudoku\Debug\rc.read.1.tlog
C:\Users\MutantSuperNick\Desktop\SCHOOL\Year2\DataStructures\Sudoku\Sudoku\Debug\rc.write.1.tlog
C:\USERS\MUTANTSUPERNICK\DESKTOP\SCHOOL\YEAR2\DATASTRUCTURES\SUDOKU\SUDOKU\DEBUG\SUDOKU.EXE.EMBED.MANIFEST
C:\USERS\MUTANTSUPERNICK\DESKTOP\SCHOOL\YEAR2\DATASTRUCTURES\SUDOKU\SUDOKU\DEBUG\SUDOKU.EXE.EMBED.MANIFEST.RES
C:\USERS\MUTANTSUPERNICK\DESKTOP\SCHOOL\YEAR2\DATASTRUCTURES\SUDOKU\SUDOKU\DEBUG\SUDOKU.EXE.INTERMEDIATE.MANIFEST
C:\Users\MutantSuperNick\Desktop\SCHOOL\Year2\DataStructures\Sudoku\Sudoku\Debug\Sudoku_manifest.rc
C:\Users\MutantSuperNick\Desktop\SCHOOL\Year2\DataStructures\Sudoku\Sudoku\Debug\vc100.idb
C:\USERS\MUTANTSUPERNICK\DESKTOP\SCHOOL\YEAR2\DATASTRUCTURES\SUDOKU\SUDOKU\DEBUG\VC100.PDB
