Build started 24/01/2013 10:48:39 PM.
     1>Project "C:\Users\MutantSuperNick\Desktop\SCHOOL\Year2\DataStructures\Sudoku\Sudoku\Sudoku.vcxproj" on node 2 (build target(s)).
     1>InitializeBuildStatus:
         Creating "Debug\Sudoku.unsuccessfulbuild" because "AlwaysCreate" was specified.
       ClCompile:
         c:\Program Files (x86)\Microsoft Visual Studio 10.0\VC\bin\CL.exe /c /ZI /nologo /W3 /WX- /Od /Oy- /D WIN32 /D _DEBUG /D _CONSOLE /D _UNICODE /D UNICODE /Gm /EHsc /RTC1 /MDd /GS /fp:precise /Zc:wchar_t /Zc:forScope /Fo"Debug\\" /Fd"Debug\vc100.pdb" /Gd /TP /analyze- /errorReport:prompt main.cpp placement.cpp
         placement.cpp
         main.cpp
         Generating Code...
       ManifestResourceCompile:
         All outputs are up-to-date.
       Link:
         c:\Program Files (x86)\Microsoft Visual Studio 10.0\VC\bin\link.exe /ERRORREPORT:PROMPT /OUT:"C:\Users\MutantSuperNick\Desktop\SCHOOL\Year2\DataStructures\Sudoku\Debug\Sudoku.exe" /INCREMENTAL /NOLOGO kernel32.lib user32.lib gdi32.lib winspool.lib comdlg32.lib advapi32.lib shell32.lib ole32.lib oleaut32.lib uuid.lib odbc32.lib odbccp32.lib /MANIFEST /ManifestFile:"Debug\Sudoku.exe.intermediate.manifest" /MANIFESTUAC:"level='asInvoker' uiAccess='false'" /DEBUG /PDB:"C:\Users\MutantSuperNick\Desktop\SCHOOL\Year2\DataStructures\Sudoku\Debug\Sudoku.pdb" /SUBSYSTEM:CONSOLE /TLBID:1 /DYNAMICBASE /NXCOMPAT /IMPLIB:"C:\Users\MutantSuperNick\Desktop\SCHOOL\Year2\DataStructures\Sudoku\Debug\Sudoku.lib" /MACHINE:X86 Debug\Sudoku.exe.embed.manifest.res
         Debug\main.obj
         Debug\placement.obj
       Manifest:
         C:\Program Files (x86)\Microsoft SDKs\Windows\v7.0A\bin\mt.exe /nologo /verbose /out:"Debug\Sudoku.exe.embed.manifest" /manifest Debug\Sudoku.exe.intermediate.manifest
         All outputs are up-to-date.
       LinkEmbedManifest:
         All outputs are up-to-date.
         Sudoku.vcxproj -> C:\Users\MutantSuperNick\Desktop\SCHOOL\Year2\DataStructures\Sudoku\Debug\Sudoku.exe
       FinalizeBuildStatus:
         Deleting file "Debug\Sudoku.unsuccessfulbuild".
         Touching "Debug\Sudoku.lastbuildstate".
     1>Done Building Project "C:\Users\MutantSuperNick\Desktop\SCHOOL\Year2\DataStructures\Sudoku\Sudoku\Sudoku.vcxproj" (build target(s)).

Build succeeded.

Time Elapsed 00:00:03.21
